<?xml version="1.0" encoding="UTF-8"?>
<!-- Generated by org.testng.reporters.JUnitReportReporter -->
<testsuite hostname="DESKTOP-D8OKUAA" failures="0" tests="2" name="com.solvd.projectUnicen.HeaderTest" time="24.796" errors="0" timestamp="2021-01-04T23:03:29 ART" skipped="0">
  <testcase classname="com.solvd.projectUnicen.HeaderTest" name="testHeaderEstudiantesButton" time="17.454"/>
  <system-out/>
  <testcase classname="com.solvd.projectUnicen.HeaderTest" name="testHeaderText" time="7.342"/>
  <system-out/>
</testsuite> <!-- com.solvd.projectUnicen.HeaderTest -->
