<?xml version="1.0" encoding="UTF-8"?>
<!-- Generated by org.testng.reporters.JUnitReportReporter -->
<testsuite hostname="DESKTOP-D8OKUAA" failures="0" tests="2" name="com.solvd.projectUnicen.HeaderTest" time="10.080" errors="0" timestamp="2021-01-04T21:03:27 ART" skipped="0">
  <testcase classname="com.solvd.projectUnicen.HeaderTest" name="testHeaderEstudiantesButton" time="5.746"/>
  <system-out/>
  <testcase classname="com.solvd.projectUnicen.HeaderTest" name="testHeaderText" time="4.334"/>
  <system-out/>
</testsuite> <!-- com.solvd.projectUnicen.HeaderTest -->
