<?xml version="1.0" encoding="UTF-8"?>
<!-- Generated by org.testng.reporters.JUnitReportReporter -->
<testsuite hostname="DESKTOP-D8OKUAA" failures="0" tests="1" name="com.solvd.projectUnicen.FooterTest" time="18.706" errors="0" timestamp="2021-01-04T23:03:29 ART" skipped="0">
  <testcase classname="com.solvd.projectUnicen.FooterTest" name="testFooterText" time="18.706"/>
  <system-out/>
</testsuite> <!-- com.solvd.projectUnicen.FooterTest -->
