<?xml version="1.0" encoding="UTF-8"?>
<!-- Generated by org.testng.reporters.JUnitReportReporter -->
<testsuite hostname="DESKTOP-D8OKUAA" failures="0" tests="1" name="com.projectUnicen.HeaderTest" time="4.667" errors="0" timestamp="2021-01-04T15:18:47 ART" skipped="0">
  <testcase classname="com.projectUnicen.HeaderTest" name="testHeaderText" time="4.667"/>
  <system-out/>
</testsuite> <!-- com.projectUnicen.HeaderTest -->
